<?xml version="1.0" encoding="UTF-8"?>
<testsuite xmlns:xsi="http://www.w3.org/2001/XMLSchema-instance" xsi:noNamespaceSchemaLocation="https://maven.apache.org/surefire/maven-surefire-plugin/xsd/surefire-test-report.xsd" name="pizzashop.service.PizzaServiceTest" time="0.061" tests="6" errors="0" skipped="0" failures="4">
  <properties>
[...]
</properties>
  <testcase name="add_payment_ECP_invalid_test1" classname="pizzashop.service.PizzaServiceTest" time="0.035">
    <failure message="expected: not equal but was: &lt;-4,Card,-5.0&gt;" type="org.opentest4j.AssertionFailedError"><![CDATA[org.opentest4j.AssertionFailedError: expected: not equal but was: <-4,Card,-5.0>
	at pizzashop.service.PizzaServiceTest.add_payment_ECP_invalid_test1(PizzaServiceTest.java:68)
]]></failure>
    <system-out><![CDATA[4,Cash,13.97
1,Card,3.45
3,Cash,120.3
8,Cash,45.6
5,Card,42.0
3,Card,66.0
3,Card,45.0
6,Cash,43.0
1,Card,12.5
5,Cash,42.0
1,Card,74.3
-4,Card,-5.0
]]></system-out>
  </testcase>
  <testcase name="add_payment_ECP_invalid_test2" classname="pizzashop.service.PizzaServiceTest" time="0.002">
    <failure message="expected: not equal but was: &lt;50,Cash,0.0&gt;" type="org.opentest4j.AssertionFailedError"><![CDATA[org.opentest4j.AssertionFailedError: expected: not equal but was: <50,Cash,0.0>
	at pizzashop.service.PizzaServiceTest.add_payment_ECP_invalid_test2(PizzaServiceTest.java:55)
]]></failure>
    <system-out><![CDATA[4,Cash,13.97
1,Card,3.45
3,Cash,120.3
8,Cash,45.6
5,Card,42.0
3,Card,66.0
3,Card,45.0
6,Cash,43.0
1,Card,12.5
5,Cash,42.0
1,Card,74.3
-4,Card,-5.0
50,Cash,0.0
]]></system-out>
  </testcase>
  <testcase name="add_payment_ECP_valid_test1" classname="pizzashop.service.PizzaServiceTest" time="0.004"/>
  <testcase name="add_payment_ECP_valid_test2" classname="pizzashop.service.PizzaServiceTest" time="0.004"/>
  <testcase name="add_payment_BVA_invalid_test_1" classname="pizzashop.service.PizzaServiceTest" time="0.003">
    <failure message="expected: not equal but was: &lt;0,Cash,0.0&gt;" type="org.opentest4j.AssertionFailedError"><![CDATA[org.opentest4j.AssertionFailedError: expected: not equal but was: <0,Cash,0.0>
	at pizzashop.service.PizzaServiceTest.add_payment_BVA_invalid_test_1(PizzaServiceTest.java:94)
]]></failure>
    <system-out><![CDATA[4,Cash,13.97
1,Card,3.45
3,Cash,120.3
8,Cash,45.6
5,Card,42.0
3,Card,66.0
3,Card,45.0
6,Cash,43.0
1,Card,12.5
5,Cash,42.0
1,Card,74.3
-4,Card,-5.0
50,Cash,0.0
4,Card,5.0
7,Cash,6000.0
0,Cash,0.0
]]></system-out>
  </testcase>
  <testcase name="add_payment_BVA_invalid_test_2" classname="pizzashop.service.PizzaServiceTest" time="0.003">
    <failure message="expected: not equal but was: &lt;9,Card,20.5&gt;" type="org.opentest4j.AssertionFailedError"><![CDATA[org.opentest4j.AssertionFailedError: expected: not equal but was: <9,Card,20.5>
	at pizzashop.service.PizzaServiceTest.add_payment_BVA_invalid_test_2(PizzaServiceTest.java:107)
]]></failure>
    <system-out><![CDATA[4,Cash,13.97
1,Card,3.45
3,Cash,120.3
8,Cash,45.6
5,Card,42.0
3,Card,66.0
3,Card,45.0
6,Cash,43.0
1,Card,12.5
5,Cash,42.0
1,Card,74.3
-4,Card,-5.0
50,Cash,0.0
4,Card,5.0
7,Cash,6000.0
0,Cash,0.0
9,Card,20.5
]]></system-out>
  </testcase>
</testsuite>