<?xml version="1.0" encoding="UTF-8"?>
<testsuite xmlns:xsi="http://www.w3.org/2001/XMLSchema-instance" xsi:noNamespaceSchemaLocation="https://maven.apache.org/surefire/maven-surefire-plugin/xsd/surefire-test-report.xsd" name="pizzashop.service.PizzaServiceTest" time="0.1" tests="11" errors="0" skipped="0" failures="0">
  <properties>
[...]
</properties>
  <testcase name="testAddPaymentBVAValid1" classname="pizzashop.service.PizzaServiceTest" time="0.003"/>
  <testcase name="testAddPaymentBVAValid2" classname="pizzashop.service.PizzaServiceTest" time="0.003"/>
  <testcase name="testAddPaymentECPValid1" classname="pizzashop.service.PizzaServiceTest" time="0.003"/>
  <testcase name="testAddPaymentECPValid2" classname="pizzashop.service.PizzaServiceTest" time="0.004"/>
  <testcase name="testAddPaymentBVAInvalid1" classname="pizzashop.service.PizzaServiceTest" time="0.003"/>
  <testcase name="testAddPaymentBVAInvalid2" classname="pizzashop.service.PizzaServiceTest" time="0.001"/>
  <testcase name="testAddPaymentECPInvalid1" classname="pizzashop.service.PizzaServiceTest" time="0.002"/>
  <testcase name="testAddPaymentECPInvalid2" classname="pizzashop.service.PizzaServiceTest" time="0.004"/>
  <testcase name="testGetTotalAmountInvalid" classname="pizzashop.service.PizzaServiceTest" time="0.005"/>
  <testcase name="testGetTotalAmountValid2" classname="pizzashop.service.PizzaServiceTest" time="0.064"/>
  <testcase name="testGetTotalAmountValid" classname="pizzashop.service.PizzaServiceTest" time="0"/>
</testsuite>