<?xml version="1.0" encoding="UTF-8"?>
<testsuite xmlns:xsi="http://www.w3.org/2001/XMLSchema-instance" xsi:noNamespaceSchemaLocation="https://maven.apache.org/surefire/maven-surefire-plugin/xsd/surefire-test-report.xsd" name="pizzashop.repository.PaymentRepositoryTest" time="0.935" tests="2" errors="0" skipped="0" failures="0">
  <properties>
[...]
</properties>
  <testcase name="testAddPayment" classname="pizzashop.repository.PaymentRepositoryTest" time="0.917"/>
  <testcase name="testGetAll" classname="pizzashop.repository.PaymentRepositoryTest" time="0.008"/>
</testsuite>