<?xml version="1.0" encoding="UTF-8"?>
<testng-results ignored="0" total="1" passed="1" failed="0" skipped="0">
  <reporter-output>
  </reporter-output>
  <suite started-at="2022-05-16T20:40:35 EEST" name="Tests" finished-at="2022-05-16T20:40:41 EEST" duration-ms="6034">
    <groups>
    </groups>
    <test started-at="2022-05-16T20:40:35 EEST" name="End2End Test" finished-at="2022-05-16T20:40:41 EEST" duration-ms="6034">
      <class name="tests.ScenarioTest">
        <test-method is-config="true" signature="setUp()[pri:0, instance:tests.ScenarioTest@7fe8ea47]" started-at="2022-05-16T20:40:35 EEST" name="setUp" finished-at="2022-05-16T20:40:38 EEST" duration-ms="3673" status="PASS">
          <reporter-output>
          </reporter-output>
        </test-method> <!-- setUp -->
        <test-method signature="performOperations()[pri:0, instance:tests.ScenarioTest@7fe8ea47]" started-at="2022-05-16T20:40:38 EEST" name="performOperations" finished-at="2022-05-16T20:40:40 EEST" duration-ms="1664" status="PASS">
          <reporter-output>
          </reporter-output>
        </test-method> <!-- performOperations -->
        <test-method is-config="true" signature="tearDown()[pri:0, instance:tests.ScenarioTest@7fe8ea47]" started-at="2022-05-16T20:40:40 EEST" name="tearDown" finished-at="2022-05-16T20:40:41 EEST" duration-ms="659" status="PASS">
          <reporter-output>
          </reporter-output>
        </test-method> <!-- tearDown -->
      </class> <!-- tests.ScenarioTest -->
    </test> <!-- End2End Test -->
  </suite> <!-- Tests -->
</testng-results>
