<?xml version="1.0" encoding="UTF-8"?>
<!-- Generated by org.testng.reporters.JUnitXMLReporter -->
<testsuite ignored="0" hostname="LAPTOP-KEOF98IT" failures="0" tests="8" name="End2End Test" time="32.334" errors="0" timestamp="2022-05-18T07:42:04 EEST">
  <testcase classname="tests.FormAuthenticationTest" name="testSuccessfulFormAuthentication" time="0.423"/>
  <testcase classname="tests.FormAuthenticationTest" name="testUnsuccessfulFormAuthentication" time="0.453"/>
  <testcase classname="tests.AddToCartTest" name="addProductToBasket" time="0.627"/>
  <testcase classname="tests.AddToCartTest" name="deleteProductFromBasket" time="0.706"/>
  <testcase classname="tests.CheckoutTest" name="buyProducts" time="1.4"/>
  <testcase classname="tests.LogoutTest" name="testSuccessfulLogout" time="1.268"/>
  <testcase classname="tests.LogoutTest" name="testUnSuccessfulLogout" time="0.539"/>
  <testcase classname="tests.ScenarioTest" name="performOperations" time="2.288"/>
</testsuite> <!-- End2End Test -->
