<?xml version="1.0" encoding="UTF-8"?>
<!-- Generated by org.testng.reporters.JUnitXMLReporter -->
<testsuite ignored="0" hostname="LAPTOP-KEOF98IT" failures="0" tests="2" name="End2End Test" time="7.71" errors="0" timestamp="2022-05-16T16:48:24 EEST">
  <testcase classname="tests.FormAuthenticationTest" name="testSuccessfulFormAuthentication" time="0.482"/>
  <testcase classname="tests.FormAuthenticationTest" name="testUnsuccessfulFormAuthentication" time="0.325"/>
</testsuite> <!-- End2End Test -->
